Training loss: 0.034
Validation loss: 0.032
Learning rate: 5e-05
--------------------------------------------------
Training loss: 0.030
Validation loss: 0.030
Learning rate: 4.75e-05
--------------------------------------------------
Training loss: 0.030
Validation loss: 0.029
Learning rate: 4.5125e-05
--------------------------------------------------
Training loss: 0.030
Validation loss: 0.029
Learning rate: 4.2868749999999995e-05
--------------------------------------------------
Training loss: 0.030
Validation loss: 0.031
Learning rate: 4.072531249999999e-05
--------------------------------------------------
Training loss: 0.029
Validation loss: 0.029
Learning rate: 3.868904687499999e-05
--------------------------------------------------
Training loss: 0.029
Validation loss: 0.030
Learning rate: 3.675459453124999e-05
--------------------------------------------------
Training loss: 0.030
Validation loss: 0.031
Learning rate: 3.4916864804687486e-05
--------------------------------------------------
Training loss: 0.030
Validation loss: 0.029
Learning rate: 3.317102156445311e-05
--------------------------------------------------
Training loss: 0.030
Validation loss: 0.030
Learning rate: 3.151247048623045e-05
--------------------------------------------------
